  [1m[35m (0.2ms)[0m  [1m[34mSELECT sqlite_version(*)[0m
  [1m[35m (237.0ms)[0m  [1m[35mCREATE TABLE "schema_migrations" ("version" varchar NOT NULL PRIMARY KEY)[0m
  [1m[35m (286.3ms)[0m  [1m[35mCREATE TABLE "ar_internal_metadata" ("key" varchar NOT NULL PRIMARY KEY, "value" varchar, "created_at" datetime NOT NULL, "updated_at" datetime NOT NULL)[0m
  [1m[35m (0.3ms)[0m  [1m[34mSELECT "schema_migrations"."version" FROM "schema_migrations" ORDER BY "schema_migrations"."version" ASC[0m
Migrating to CreateImages (20170603151345)
  [1m[35m (0.1ms)[0m  [1m[36mbegin transaction[0m
  [1m[35m (1.9ms)[0m  [1m[35mCREATE TABLE "images" ("id" INTEGER PRIMARY KEY AUTOINCREMENT NOT NULL, "url" varchar, "name" varchar, "created_at" datetime NOT NULL, "updated_at" datetime NOT NULL)[0m
  [1m[35mSQL (0.2ms)[0m  [1m[32mINSERT INTO "schema_migrations" ("version") VALUES (?)[0m  [["version", "20170603151345"]]
  [1m[35m (390.0ms)[0m  [1m[36mcommit transaction[0m
Migrating to CreateTags (20170603151548)
  [1m[35m (0.1ms)[0m  [1m[36mbegin transaction[0m
  [1m[35m (2.0ms)[0m  [1m[35mCREATE TABLE "tags" ("id" INTEGER PRIMARY KEY AUTOINCREMENT NOT NULL, "tag_name" varchar, "created_at" datetime NOT NULL, "updated_at" datetime NOT NULL)[0m
  [1m[35mSQL (0.3ms)[0m  [1m[32mINSERT INTO "schema_migrations" ("version") VALUES (?)[0m  [["version", "20170603151548"]]
  [1m[35m (162.3ms)[0m  [1m[36mcommit transaction[0m
Migrating to CreateImageTags (20170603151850)
  [1m[35m (0.1ms)[0m  [1m[36mbegin transaction[0m
  [1m[35m (0.4ms)[0m  [1m[35mCREATE TABLE "image_tags" ("id" INTEGER PRIMARY KEY AUTOINCREMENT NOT NULL, "image_id" integer, "tag_id" integer, "created_at" datetime NOT NULL, "updated_at" datetime NOT NULL, CONSTRAINT "fk_rails_32b653599c"
FOREIGN KEY ("image_id")
  REFERENCES "images" ("id")
, CONSTRAINT "fk_rails_fdb2b6eb1e"
FOREIGN KEY ("tag_id")
  REFERENCES "tags" ("id")
)[0m
  [1m[35m (0.2ms)[0m  [1m[35mCREATE  INDEX "index_image_tags_on_image_id" ON "image_tags" ("image_id")[0m
  [1m[35m (0.1ms)[0m  [1m[34m            SELECT sql
            FROM sqlite_master
            WHERE name='index_image_tags_on_image_id' AND type='index'
            UNION ALL
            SELECT sql
            FROM sqlite_temp_master
            WHERE name='index_image_tags_on_image_id' AND type='index'
[0m
  [1m[35m (0.2ms)[0m  [1m[35mCREATE  INDEX "index_image_tags_on_tag_id" ON "image_tags" ("tag_id")[0m
  [1m[35mSQL (0.2ms)[0m  [1m[32mINSERT INTO "schema_migrations" ("version") VALUES (?)[0m  [["version", "20170603151850"]]
  [1m[35m (181.3ms)[0m  [1m[36mcommit transaction[0m
  [1m[36mActiveRecord::InternalMetadata Load (0.2ms)[0m  [1m[34mSELECT  "ar_internal_metadata".* FROM "ar_internal_metadata" WHERE "ar_internal_metadata"."key" = ? LIMIT ?[0m  [["key", "environment"], ["LIMIT", 1]]
  [1m[35m (0.1ms)[0m  [1m[36mbegin transaction[0m
  [1m[35mSQL (1.1ms)[0m  [1m[32mINSERT INTO "ar_internal_metadata" ("key", "value", "created_at", "updated_at") VALUES (?, ?, ?, ?)[0m  [["key", "environment"], ["value", "development"], ["created_at", "2017-06-03 15:26:02.896076"], ["updated_at", "2017-06-03 15:26:02.896076"]]
  [1m[35m (197.4ms)[0m  [1m[36mcommit transaction[0m
  [1m[35m (0.2ms)[0m  [1m[34mSELECT "schema_migrations"."version" FROM "schema_migrations" ORDER BY "schema_migrations"."version" ASC[0m
  [1m[35m (0.1ms)[0m  [1m[34m            SELECT sql
            FROM sqlite_master
            WHERE name='index_image_tags_on_tag_id' AND type='index'
            UNION ALL
            SELECT sql
            FROM sqlite_temp_master
            WHERE name='index_image_tags_on_tag_id' AND type='index'
[0m
  [1m[35m (0.1ms)[0m  [1m[34m            SELECT sql
            FROM sqlite_master
            WHERE name='index_image_tags_on_image_id' AND type='index'
            UNION ALL
            SELECT sql
            FROM sqlite_temp_master
            WHERE name='index_image_tags_on_image_id' AND type='index'
[0m
  [1m[35m (0.1ms)[0m  [1m[36mbegin transaction[0m
  [1m[35mSQL (648.5ms)[0m  [1m[32mINSERT INTO "images" ("url", "name", "created_at", "updated_at") VALUES (?, ?, ?, ?)[0m  [["url", "google.com"], ["name", "goog"], ["created_at", "2017-06-03 15:29:49.326835"], ["updated_at", "2017-06-03 15:29:49.326835"]]
  [1m[35m (573.3ms)[0m  [1m[36mcommit transaction[0m
  [1m[36mImage Load (0.3ms)[0m  [1m[34mSELECT  "images".* FROM "images" LIMIT ?[0m  [["LIMIT", 11]]
  [1m[35m (0.1ms)[0m  [1m[36mbegin transaction[0m
  [1m[35mSQL (0.5ms)[0m  [1m[32mINSERT INTO "tags" ("tag_name", "created_at", "updated_at") VALUES (?, ?, ?)[0m  [["tag_name", "Web Stuff"], ["created_at", "2017-06-03 15:31:10.417176"], ["updated_at", "2017-06-03 15:31:10.417176"]]
  [1m[35m (518.5ms)[0m  [1m[36mcommit transaction[0m
  [1m[35m (0.1ms)[0m  [1m[36mbegin transaction[0m
  [1m[35mSQL (53.4ms)[0m  [1m[32mINSERT INTO "image_tags" ("image_id", "tag_id", "created_at", "updated_at") VALUES (?, ?, ?, ?)[0m  [["image_id", 1], ["tag_id", 1], ["created_at", "2017-06-03 15:31:32.309001"], ["updated_at", "2017-06-03 15:31:32.309001"]]
  [1m[35m (190.1ms)[0m  [1m[36mcommit transaction[0m
  [1m[36mTag Load (20.5ms)[0m  [1m[34mSELECT  "tags".* FROM "tags" INNER JOIN "image_tags" ON "tags"."id" = "image_tags"."tag_id" WHERE "image_tags"."image_id" = ? LIMIT ?[0m  [["image_id", 1], ["LIMIT", 11]]
  [1m[36mTag Load (0.1ms)[0m  [1m[34mSELECT  "tags".* FROM "tags" INNER JOIN "image_tags" ON "tags"."id" = "image_tags"."tag_id" WHERE "image_tags"."image_id" = ? LIMIT ?[0m  [["image_id", 1], ["LIMIT", 11]]
  [1m[35m (0.1ms)[0m  [1m[36mbegin transaction[0m
  [1m[35m (0.0ms)[0m  [1m[36mcommit transaction[0m
  [1m[36mImage Load (0.3ms)[0m  [1m[34mSELECT  "images".* FROM "images" INNER JOIN "image_tags" ON "images"."id" = "image_tags"."image_id" WHERE "image_tags"."tag_id" = ? LIMIT ?[0m  [["tag_id", 1], ["LIMIT", 11]]
Started GET "/images" for 127.0.0.1 at 2017-06-03 14:42:37 -0400
  [1m[35m (0.2ms)[0m  [1m[34mSELECT "schema_migrations"."version" FROM "schema_migrations" ORDER BY "schema_migrations"."version" ASC[0m
  
SyntaxError (/home/bwatson78/code/labs/wall-of-zen-v-000/image-api/app/controllers/images_controller.rb:26: syntax error, unexpected tSYMBEG, expecting ')'
    def image_params(:image).permit(
                      ^
/home/bwatson78/code/labs/wall-of-zen-v-000/image-api/app/controllers/images_controller.rb:29: syntax error, unexpected ':', expecting ')'
      :tag_attributes: [:tag_name])
                      ^
/home/bwatson78/code/labs/wall-of-zen-v-000/image-api/app/controllers/images_controller.rb:29: syntax error, unexpected ')', expecting keyword_end):
  
app/controllers/images_controller.rb:26: syntax error, unexpected tSYMBEG, expecting ')'
app/controllers/images_controller.rb:29: syntax error, unexpected ':', expecting ')'
app/controllers/images_controller.rb:29: syntax error, unexpected ')', expecting keyword_end
Started GET "/favicon.ico" for 127.0.0.1 at 2017-06-03 14:42:40 -0400
  
ActionController::RoutingError (No route matches [GET] "/favicon.ico"):
  
actionpack (5.1.1) lib/action_dispatch/middleware/debug_exceptions.rb:63:in `call'
actionpack (5.1.1) lib/action_dispatch/middleware/show_exceptions.rb:31:in `call'
railties (5.1.1) lib/rails/rack/logger.rb:36:in `call_app'
railties (5.1.1) lib/rails/rack/logger.rb:24:in `block in call'
activesupport (5.1.1) lib/active_support/tagged_logging.rb:69:in `block in tagged'
activesupport (5.1.1) lib/active_support/tagged_logging.rb:26:in `tagged'
activesupport (5.1.1) lib/active_support/tagged_logging.rb:69:in `tagged'
railties (5.1.1) lib/rails/rack/logger.rb:24:in `call'
actionpack (5.1.1) lib/action_dispatch/middleware/remote_ip.rb:79:in `call'
actionpack (5.1.1) lib/action_dispatch/middleware/request_id.rb:25:in `call'
rack (2.0.3) lib/rack/runtime.rb:22:in `call'
activesupport (5.1.1) lib/active_support/cache/strategy/local_cache_middleware.rb:27:in `call'
actionpack (5.1.1) lib/action_dispatch/middleware/executor.rb:12:in `call'
actionpack (5.1.1) lib/action_dispatch/middleware/static.rb:125:in `call'
rack (2.0.3) lib/rack/sendfile.rb:111:in `call'
railties (5.1.1) lib/rails/engine.rb:522:in `call'
puma (3.9.1) lib/puma/configuration.rb:224:in `call'
puma (3.9.1) lib/puma/server.rb:602:in `handle_request'
puma (3.9.1) lib/puma/server.rb:435:in `process_client'
puma (3.9.1) lib/puma/server.rb:299:in `block in run'
puma (3.9.1) lib/puma/thread_pool.rb:120:in `block in spawn_thread'
Started GET "/images" for 127.0.0.1 at 2017-06-03 14:43:47 -0400
  
SyntaxError (/home/bwatson78/code/labs/wall-of-zen-v-000/image-api/app/controllers/images_controller.rb:26: syntax error, unexpected tSYMBEG, expecting ')'
    def image_params(:image).permit(
                      ^
/home/bwatson78/code/labs/wall-of-zen-v-000/image-api/app/controllers/images_controller.rb:36: syntax error, unexpected keyword_end, expecting end-of-input):
  
app/controllers/images_controller.rb:26: syntax error, unexpected tSYMBEG, expecting ')'
app/controllers/images_controller.rb:36: syntax error, unexpected keyword_end, expecting end-of-input
Started GET "/images" for 127.0.0.1 at 2017-06-03 14:44:49 -0400
Processing by ImagesController#index as HTML
  [1m[36mImage Load (0.2ms)[0m  [1m[34mSELECT  "images".* FROM "images" LIMIT ?[0m  [["LIMIT", 11]]
Completed 500 Internal Server Error in 125ms


  
  [1m[36mCACHE Image Load (0.0ms)[0m  [1m[34mSELECT  "images".* FROM "images" LIMIT ?[0m  [["LIMIT", 11]]
NoMethodError (undefined method `respond_to' for #<ImagesController:0x00000000d95148>
Did you mean?  respond_to?):
  
app/controllers/images_controller.rb:6:in `index'
Started GET "/images" for 127.0.0.1 at 2017-06-03 14:46:29 -0400
Processing by ImagesController#index as HTML
Completed 500 Internal Server Error in 8ms


  
ArgumentError (wrong number of arguments (given 0, expected 1..2)):
  
app/controllers/images_controller.rb:6:in `respond_to?'
app/controllers/images_controller.rb:6:in `index'
Started GET "/images" for 127.0.0.1 at 2017-06-03 14:46:42 -0400
Processing by ImagesController#index as HTML
  [1m[36mImage Load (0.6ms)[0m  [1m[34mSELECT  "images".* FROM "images" LIMIT ?[0m  [["LIMIT", 11]]
Completed 500 Internal Server Error in 102ms


  
  [1m[36mCACHE Image Load (0.0ms)[0m  [1m[34mSELECT  "images".* FROM "images" LIMIT ?[0m  [["LIMIT", 11]]
NoMethodError (undefined method `respond_to' for #<ImagesController:0x000000034a1d90>
Did you mean?  respond_to?):
  
app/controllers/images_controller.rb:6:in `index'
Started GET "/images" for 127.0.0.1 at 2017-06-03 14:51:24 -0400
  [1m[35m (0.3ms)[0m  [1m[34mSELECT "schema_migrations"."version" FROM "schema_migrations" ORDER BY "schema_migrations"."version" ASC[0m
Processing by ImagesController#index as HTML
  [1m[36mImage Load (0.3ms)[0m  [1m[34mSELECT  "images".* FROM "images" LIMIT ?[0m  [["LIMIT", 11]]
Completed 500 Internal Server Error in 114ms (ActiveRecord: 0.0ms)


  
  [1m[36mImage Load (0.2ms)[0m  [1m[34mSELECT  "images".* FROM "images" LIMIT ?[0m  [["LIMIT", 11]]
NoMethodError (undefined method `respond_to' for #<ImagesController:0x00000003ee1f80>
Did you mean?  respond_to?
               respond_with
               response_body
               response_code
               responder
               response_body=
               responder?
               responder=):
  
app/controllers/images_controller.rb:6:in `index'
Started GET "/images" for 127.0.0.1 at 2017-06-03 14:51:50 -0400
Processing by ImagesController#index as HTML
Completed 500 Internal Server Error in 149ms


  
ArgumentError (wrong number of arguments (given 0, expected 1..2)):
  
app/controllers/images_controller.rb:6:in `respond_to?'
app/controllers/images_controller.rb:6:in `index'
Started GET "/images" for 127.0.0.1 at 2017-06-03 14:52:52 -0400
Processing by ImagesController#index as HTML
  [1m[36mImage Load (32.2ms)[0m  [1m[34mSELECT  "images".* FROM "images" LIMIT ?[0m  [["LIMIT", 11]]
Completed 500 Internal Server Error in 125ms


  
  [1m[36mCACHE Image Load (0.0ms)[0m  [1m[34mSELECT  "images".* FROM "images" LIMIT ?[0m  [["LIMIT", 11]]
NoMethodError (undefined method `respond_to' for #<ImagesController:0x00000002b832e0>
Did you mean?  respond_to?
               respond_with
               response_body
               response_code
               responder
               response_body=
               responder?
               responder=):
  
app/controllers/images_controller.rb:6:in `index'
Started GET "/" for 127.0.0.1 at 2017-06-03 15:09:46 -0400
  [1m[35m (0.3ms)[0m  [1m[34mSELECT "schema_migrations"."version" FROM "schema_migrations" ORDER BY "schema_migrations"."version" ASC[0m
Processing by Rails::WelcomeController#index as HTML
  Rendering /home/bwatson78/.rvm/gems/ruby-2.3.1/gems/railties-5.1.1/lib/rails/templates/rails/welcome/index.html.erb
  Rendered /home/bwatson78/.rvm/gems/ruby-2.3.1/gems/railties-5.1.1/lib/rails/templates/rails/welcome/index.html.erb (44.5ms)
Completed 200 OK in 193ms (Views: 138.8ms | ActiveRecord: 0.0ms)


Started GET "/favicon.ico" for 127.0.0.1 at 2017-06-03 15:09:56 -0400
  
ActionController::RoutingError (No route matches [GET] "/favicon.ico"):
  
actionpack (5.1.1) lib/action_dispatch/middleware/debug_exceptions.rb:63:in `call'
actionpack (5.1.1) lib/action_dispatch/middleware/show_exceptions.rb:31:in `call'
railties (5.1.1) lib/rails/rack/logger.rb:36:in `call_app'
railties (5.1.1) lib/rails/rack/logger.rb:24:in `block in call'
activesupport (5.1.1) lib/active_support/tagged_logging.rb:69:in `block in tagged'
activesupport (5.1.1) lib/active_support/tagged_logging.rb:26:in `tagged'
activesupport (5.1.1) lib/active_support/tagged_logging.rb:69:in `tagged'
railties (5.1.1) lib/rails/rack/logger.rb:24:in `call'
actionpack (5.1.1) lib/action_dispatch/middleware/remote_ip.rb:79:in `call'
actionpack (5.1.1) lib/action_dispatch/middleware/request_id.rb:25:in `call'
rack (2.0.3) lib/rack/runtime.rb:22:in `call'
activesupport (5.1.1) lib/active_support/cache/strategy/local_cache_middleware.rb:27:in `call'
actionpack (5.1.1) lib/action_dispatch/middleware/executor.rb:12:in `call'
actionpack (5.1.1) lib/action_dispatch/middleware/static.rb:125:in `call'
rack (2.0.3) lib/rack/sendfile.rb:111:in `call'
railties (5.1.1) lib/rails/engine.rb:522:in `call'
puma (3.9.1) lib/puma/configuration.rb:224:in `call'
puma (3.9.1) lib/puma/server.rb:602:in `handle_request'
puma (3.9.1) lib/puma/server.rb:435:in `process_client'
puma (3.9.1) lib/puma/server.rb:299:in `block in run'
puma (3.9.1) lib/puma/thread_pool.rb:120:in `block in spawn_thread'
Started GET "/images" for 127.0.0.1 at 2017-06-03 15:10:12 -0400
  
SyntaxError (/home/bwatson78/code/labs/wall-of-zen-v-000/image-api/app/controllers/images_controller.rb:36: syntax error, unexpected keyword_end, expecting end-of-input):
  
app/controllers/images_controller.rb:36: syntax error, unexpected keyword_end, expecting end-of-input
Started GET "/images" for 127.0.0.1 at 2017-06-03 15:11:13 -0400
Processing by ImagesController#index as HTML
  [1m[36mImage Load (38.7ms)[0m  [1m[34mSELECT "images".* FROM "images"[0m
Completed 200 OK in 257ms (Views: 96.9ms | ActiveRecord: 40.0ms)


Started GET "/tags" for 127.0.0.1 at 2017-06-03 15:12:00 -0400
  
SyntaxError (/home/bwatson78/code/labs/wall-of-zen-v-000/image-api/app/controllers/tags_controller.rb:25: syntax error, unexpected tSYMBEG, expecting ')'
    def tag_params(:tag).permit(
                    ^
/home/bwatson78/code/labs/wall-of-zen-v-000/image-api/app/controllers/tags_controller.rb:33: syntax error, unexpected keyword_end, expecting end-of-input):
  
app/controllers/tags_controller.rb:25: syntax error, unexpected tSYMBEG, expecting ')'
app/controllers/tags_controller.rb:33: syntax error, unexpected keyword_end, expecting end-of-input
Started GET "/tags" for 127.0.0.1 at 2017-06-03 15:12:36 -0400
  
SyntaxError (/home/bwatson78/code/labs/wall-of-zen-v-000/image-api/app/controllers/tags_controller.rb:24: syntax error, unexpected tSYMBEG, expecting ')'
    def tag_params(:tag).permit(
                    ^):
  
app/controllers/tags_controller.rb:24: syntax error, unexpected tSYMBEG, expecting ')'
Started GET "/tags" for 127.0.0.1 at 2017-06-03 15:12:47 -0400
  
SyntaxError (/home/bwatson78/code/labs/wall-of-zen-v-000/image-api/app/controllers/tags_controller.rb:23: syntax error, unexpected tSYMBEG, expecting ')'
    def tag_params(:tag).permit(
                    ^
/home/bwatson78/code/labs/wall-of-zen-v-000/image-api/app/controllers/tags_controller.rb:31: syntax error, unexpected keyword_end, expecting end-of-input):
  
app/controllers/tags_controller.rb:23: syntax error, unexpected tSYMBEG, expecting ')'
app/controllers/tags_controller.rb:31: syntax error, unexpected keyword_end, expecting end-of-input
Started GET "/tags" for 127.0.0.1 at 2017-06-03 15:13:34 -0400
Processing by TagsController#index as HTML
  [1m[36mTag Load (0.1ms)[0m  [1m[34mSELECT "tags".* FROM "tags"[0m
Completed 200 OK in 90ms (Views: 9.7ms | ActiveRecord: 1.3ms)


Started GET "/tags" for 127.0.0.1 at 2017-06-03 15:14:07 -0400
Processing by TagsController#index as HTML
  [1m[36mTag Load (0.3ms)[0m  [1m[34mSELECT "tags".* FROM "tags"[0m
Completed 200 OK in 3ms (Views: 1.9ms | ActiveRecord: 0.3ms)


Started GET "/tags.json" for 127.0.0.1 at 2017-06-03 15:14:28 -0400
Processing by TagsController#index as JSON
  [1m[36mTag Load (0.3ms)[0m  [1m[34mSELECT "tags".* FROM "tags"[0m
Completed 200 OK in 2ms (Views: 1.7ms | ActiveRecord: 0.3ms)


Started GET "/images.json" for 127.0.0.1 at 2017-06-03 15:14:39 -0400
Processing by ImagesController#index as JSON
  [1m[36mImage Load (0.2ms)[0m  [1m[34mSELECT "images".* FROM "images"[0m
Completed 200 OK in 82ms (Views: 9.3ms | ActiveRecord: 0.8ms)


Started GET "/images.json" for 127.0.0.1 at 2017-06-03 15:30:13 -0400
  [1m[35m (0.2ms)[0m  [1m[34mSELECT "schema_migrations"."version" FROM "schema_migrations" ORDER BY "schema_migrations"."version" ASC[0m
Processing by ImagesController#index as JSON
  [1m[36mImage Load (0.3ms)[0m  [1m[34mSELECT "images".* FROM "images"[0m
[active_model_serializers]   [1m[36mTag Load (0.6ms)[0m  [1m[34mSELECT "tags".* FROM "tags" INNER JOIN "image_tags" ON "tags"."id" = "image_tags"."tag_id" WHERE "image_tags"."image_id" = ?[0m  [["image_id", 1]]
[active_model_serializers] Rendered ActiveModel::Serializer::CollectionSerializer with ActiveModelSerializers::Adapter::Attributes (159.49ms)
Completed 200 OK in 473ms (Views: 326.7ms | ActiveRecord: 3.7ms)


Started GET "/images.json" for 127.0.0.1 at 2017-06-03 16:46:15 -0400
  [1m[35m (0.2ms)[0m  [1m[34mSELECT "schema_migrations"."version" FROM "schema_migrations" ORDER BY "schema_migrations"."version" ASC[0m
Processing by ImagesController#index as JSON
  [1m[36mImage Load (0.2ms)[0m  [1m[34mSELECT "images".* FROM "images"[0m
[active_model_serializers]   [1m[36mTag Load (0.3ms)[0m  [1m[34mSELECT "tags".* FROM "tags" INNER JOIN "image_tags" ON "tags"."id" = "image_tags"."tag_id" WHERE "image_tags"."image_id" = ?[0m  [["image_id", 1]]
[active_model_serializers] Rendered ActiveModel::Serializer::CollectionSerializer with ActiveModelSerializers::Adapter::Attributes (159.42ms)
Completed 200 OK in 395ms (Views: 328.8ms | ActiveRecord: 2.2ms)


Started GET "/images.json" for 127.0.0.1 at 2017-06-03 16:50:07 -0400
Processing by ImagesController#index as JSON
  [1m[36mImage Load (0.3ms)[0m  [1m[34mSELECT "images".* FROM "images"[0m
[active_model_serializers]   [1m[36mTag Load (0.4ms)[0m  [1m[34mSELECT "tags".* FROM "tags" INNER JOIN "image_tags" ON "tags"."id" = "image_tags"."tag_id" WHERE "image_tags"."image_id" = ?[0m  [["image_id", 1]]
[active_model_serializers] Rendered ActiveModel::Serializer::CollectionSerializer with ActiveModelSerializers::Adapter::Attributes (10.94ms)
Completed 200 OK in 15ms (Views: 13.3ms | ActiveRecord: 1.3ms)


Started GET "/images.json" for 127.0.0.1 at 2017-06-03 16:53:16 -0400
Processing by ImagesController#index as JSON
  [1m[36mImage Load (0.3ms)[0m  [1m[34mSELECT "images".* FROM "images"[0m
[active_model_serializers]   [1m[36mTag Load (0.5ms)[0m  [1m[34mSELECT "tags".* FROM "tags" INNER JOIN "image_tags" ON "tags"."id" = "image_tags"."tag_id" WHERE "image_tags"."image_id" = ?[0m  [["image_id", 1]]
[active_model_serializers] Rendered ActiveModel::Serializer::CollectionSerializer with ActiveModelSerializers::Adapter::Attributes (6.08ms)
Completed 200 OK in 9ms (Views: 7.4ms | ActiveRecord: 0.7ms)


Started GET "/images.json" for 127.0.0.1 at 2017-06-03 16:53:49 -0400
Processing by ImagesController#index as JSON
  [1m[36mImage Load (0.5ms)[0m  [1m[34mSELECT "images".* FROM "images"[0m
[active_model_serializers]   [1m[36mTag Load (0.2ms)[0m  [1m[34mSELECT "tags".* FROM "tags" INNER JOIN "image_tags" ON "tags"."id" = "image_tags"."tag_id" WHERE "image_tags"."image_id" = ?[0m  [["image_id", 1]]
[active_model_serializers] Rendered ActiveModel::Serializer::CollectionSerializer with ActiveModelSerializers::Adapter::Attributes (6.3ms)
Completed 200 OK in 13ms (Views: 11.5ms | ActiveRecord: 0.8ms)


Started GET "/images.json" for 127.0.0.1 at 2017-06-03 16:54:21 -0400
Processing by ImagesController#index as JSON
  [1m[36mImage Load (0.3ms)[0m  [1m[34mSELECT "images".* FROM "images"[0m
[active_model_serializers]   [1m[36mTag Load (0.2ms)[0m  [1m[34mSELECT "tags".* FROM "tags" INNER JOIN "image_tags" ON "tags"."id" = "image_tags"."tag_id" WHERE "image_tags"."image_id" = ?[0m  [["image_id", 1]]
[active_model_serializers] Rendered ActiveModel::Serializer::CollectionSerializer with ActiveModelSerializers::Adapter::Attributes (5.73ms)
Completed 200 OK in 8ms (Views: 7.6ms | ActiveRecord: 0.5ms)


Started GET "/images.json" for 127.0.0.1 at 2017-06-03 16:55:10 -0400
Processing by ImagesController#index as JSON
  [1m[36mImage Load (0.3ms)[0m  [1m[34mSELECT "images".* FROM "images"[0m
[active_model_serializers]   [1m[36mTag Load (0.2ms)[0m  [1m[34mSELECT "tags".* FROM "tags" INNER JOIN "image_tags" ON "tags"."id" = "image_tags"."tag_id" WHERE "image_tags"."image_id" = ?[0m  [["image_id", 1]]
[active_model_serializers] Rendered ActiveModel::Serializer::CollectionSerializer with ActiveModelSerializers::Adapter::Attributes (6.3ms)
Completed 200 OK in 9ms (Views: 8.3ms | ActiveRecord: 0.5ms)


Started GET "/images.json" for 127.0.0.1 at 2017-06-03 16:55:13 -0400
Processing by ImagesController#index as JSON
  [1m[36mImage Load (0.2ms)[0m  [1m[34mSELECT "images".* FROM "images"[0m
[active_model_serializers]   [1m[36mTag Load (0.1ms)[0m  [1m[34mSELECT "tags".* FROM "tags" INNER JOIN "image_tags" ON "tags"."id" = "image_tags"."tag_id" WHERE "image_tags"."image_id" = ?[0m  [["image_id", 1]]
[active_model_serializers] Rendered ActiveModel::Serializer::CollectionSerializer with ActiveModelSerializers::Adapter::Attributes (4.05ms)
Completed 200 OK in 6ms (Views: 5.3ms | ActiveRecord: 0.3ms)


Started GET "/images.json" for 127.0.0.1 at 2017-06-03 16:58:33 -0400
Processing by ImagesController#index as JSON
  [1m[36mImage Load (0.3ms)[0m  [1m[34mSELECT "images".* FROM "images"[0m
[active_model_serializers]   [1m[36mTag Load (0.1ms)[0m  [1m[34mSELECT "tags".* FROM "tags" INNER JOIN "image_tags" ON "tags"."id" = "image_tags"."tag_id" WHERE "image_tags"."image_id" = ?[0m  [["image_id", 1]]
[active_model_serializers] Rendered ActiveModel::Serializer::CollectionSerializer with ActiveModelSerializers::Adapter::Attributes (3.71ms)
Completed 200 OK in 6ms (Views: 5.5ms | ActiveRecord: 0.5ms)


Started GET "/images.json" for 127.0.0.1 at 2017-06-03 17:06:17 -0400
Processing by ImagesController#index as JSON
  [1m[36mImage Load (0.3ms)[0m  [1m[34mSELECT "images".* FROM "images"[0m
[active_model_serializers]   [1m[36mTag Load (0.2ms)[0m  [1m[34mSELECT "tags".* FROM "tags" INNER JOIN "image_tags" ON "tags"."id" = "image_tags"."tag_id" WHERE "image_tags"."image_id" = ?[0m  [["image_id", 1]]
[active_model_serializers] Rendered ActiveModel::Serializer::CollectionSerializer with ActiveModelSerializers::Adapter::Attributes (5.18ms)
Completed 200 OK in 8ms (Views: 6.8ms | ActiveRecord: 0.4ms)


Started GET "/images.json" for 127.0.0.1 at 2017-06-03 17:08:57 -0400
Processing by ImagesController#index as JSON
  [1m[36mImage Load (0.2ms)[0m  [1m[34mSELECT "images".* FROM "images"[0m
[active_model_serializers]   [1m[36mTag Load (0.2ms)[0m  [1m[34mSELECT "tags".* FROM "tags" INNER JOIN "image_tags" ON "tags"."id" = "image_tags"."tag_id" WHERE "image_tags"."image_id" = ?[0m  [["image_id", 1]]
[active_model_serializers] Rendered ActiveModel::Serializer::CollectionSerializer with ActiveModelSerializers::Adapter::Attributes (4.74ms)
Completed 200 OK in 7ms (Views: 5.9ms | ActiveRecord: 0.4ms)


Started GET "/images.json" for 127.0.0.1 at 2017-06-03 17:12:26 -0400
Processing by ImagesController#index as JSON
  [1m[36mImage Load (0.3ms)[0m  [1m[34mSELECT "images".* FROM "images"[0m
[active_model_serializers]   [1m[36mTag Load (0.2ms)[0m  [1m[34mSELECT "tags".* FROM "tags" INNER JOIN "image_tags" ON "tags"."id" = "image_tags"."tag_id" WHERE "image_tags"."image_id" = ?[0m  [["image_id", 1]]
[active_model_serializers] Rendered ActiveModel::Serializer::CollectionSerializer with ActiveModelSerializers::Adapter::Attributes (8.22ms)
Completed 200 OK in 11ms (Views: 10.1ms | ActiveRecord: 0.5ms)


Started GET "/images.json" for 127.0.0.1 at 2017-06-03 17:20:20 -0400
Processing by ImagesController#index as JSON
  [1m[36mImage Load (0.2ms)[0m  [1m[34mSELECT "images".* FROM "images"[0m
[active_model_serializers]   [1m[36mTag Load (0.2ms)[0m  [1m[34mSELECT "tags".* FROM "tags" INNER JOIN "image_tags" ON "tags"."id" = "image_tags"."tag_id" WHERE "image_tags"."image_id" = ?[0m  [["image_id", 1]]
[active_model_serializers] Rendered ActiveModel::Serializer::CollectionSerializer with ActiveModelSerializers::Adapter::Attributes (5.49ms)
Completed 200 OK in 7ms (Views: 6.6ms | ActiveRecord: 0.4ms)


Started GET "/images.json" for 127.0.0.1 at 2017-06-03 17:22:51 -0400
Processing by ImagesController#index as JSON
  [1m[36mImage Load (0.3ms)[0m  [1m[34mSELECT "images".* FROM "images"[0m
[active_model_serializers]   [1m[36mTag Load (0.2ms)[0m  [1m[34mSELECT "tags".* FROM "tags" INNER JOIN "image_tags" ON "tags"."id" = "image_tags"."tag_id" WHERE "image_tags"."image_id" = ?[0m  [["image_id", 1]]
[active_model_serializers] Rendered ActiveModel::Serializer::CollectionSerializer with ActiveModelSerializers::Adapter::Attributes (6.15ms)
Completed 200 OK in 9ms (Views: 8.1ms | ActiveRecord: 0.5ms)


Started GET "/images" for 127.0.0.1 at 2017-06-03 17:23:13 -0400
Processing by ImagesController#index as */*
  [1m[36mImage Load (0.6ms)[0m  [1m[34mSELECT "images".* FROM "images"[0m
[active_model_serializers]   [1m[36mTag Load (0.2ms)[0m  [1m[34mSELECT "tags".* FROM "tags" INNER JOIN "image_tags" ON "tags"."id" = "image_tags"."tag_id" WHERE "image_tags"."image_id" = ?[0m  [["image_id", 1]]
[active_model_serializers] Rendered ActiveModel::Serializer::CollectionSerializer with ActiveModelSerializers::Adapter::Attributes (6.76ms)
Completed 200 OK in 10ms (Views: 8.4ms | ActiveRecord: 0.8ms)


Started GET "/images" for 127.0.0.1 at 2017-06-03 17:31:34 -0400
Processing by ImagesController#index as */*
  [1m[36mImage Load (0.3ms)[0m  [1m[34mSELECT "images".* FROM "images"[0m
[active_model_serializers]   [1m[36mTag Load (0.2ms)[0m  [1m[34mSELECT "tags".* FROM "tags" INNER JOIN "image_tags" ON "tags"."id" = "image_tags"."tag_id" WHERE "image_tags"."image_id" = ?[0m  [["image_id", 1]]
[active_model_serializers] Rendered ActiveModel::Serializer::CollectionSerializer with ActiveModelSerializers::Adapter::Attributes (6.08ms)
Completed 200 OK in 9ms (Views: 7.6ms | ActiveRecord: 0.5ms)


Started GET "/images" for 127.0.0.1 at 2017-06-03 17:32:19 -0400
Processing by ImagesController#index as */*
  [1m[36mImage Load (0.3ms)[0m  [1m[34mSELECT "images".* FROM "images"[0m
[active_model_serializers]   [1m[36mTag Load (0.2ms)[0m  [1m[34mSELECT "tags".* FROM "tags" INNER JOIN "image_tags" ON "tags"."id" = "image_tags"."tag_id" WHERE "image_tags"."image_id" = ?[0m  [["image_id", 1]]
[active_model_serializers] Rendered ActiveModel::Serializer::CollectionSerializer with ActiveModelSerializers::Adapter::Attributes (7.16ms)
Completed 200 OK in 10ms (Views: 8.7ms | ActiveRecord: 0.5ms)


Started GET "/images" for 127.0.0.1 at 2017-06-03 17:33:12 -0400
Processing by ImagesController#index as */*
  [1m[36mImage Load (0.3ms)[0m  [1m[34mSELECT "images".* FROM "images"[0m
[active_model_serializers]   [1m[36mTag Load (0.2ms)[0m  [1m[34mSELECT "tags".* FROM "tags" INNER JOIN "image_tags" ON "tags"."id" = "image_tags"."tag_id" WHERE "image_tags"."image_id" = ?[0m  [["image_id", 1]]
[active_model_serializers] Rendered ActiveModel::Serializer::CollectionSerializer with ActiveModelSerializers::Adapter::Attributes (6.09ms)
Completed 200 OK in 9ms (Views: 8.0ms | ActiveRecord: 0.5ms)


Started GET "/images" for 127.0.0.1 at 2017-06-03 17:36:56 -0400
Processing by ImagesController#index as */*
  [1m[36mImage Load (0.3ms)[0m  [1m[34mSELECT "images".* FROM "images"[0m
[active_model_serializers]   [1m[36mTag Load (0.2ms)[0m  [1m[34mSELECT "tags".* FROM "tags" INNER JOIN "image_tags" ON "tags"."id" = "image_tags"."tag_id" WHERE "image_tags"."image_id" = ?[0m  [["image_id", 1]]
[active_model_serializers] Rendered ActiveModel::Serializer::CollectionSerializer with ActiveModelSerializers::Adapter::Attributes (20.7ms)
Completed 200 OK in 24ms (Views: 22.9ms | ActiveRecord: 0.5ms)


Started GET "/images" for 127.0.0.1 at 2017-06-03 17:37:14 -0400
Processing by ImagesController#index as */*
  [1m[36mImage Load (0.3ms)[0m  [1m[34mSELECT "images".* FROM "images"[0m
[active_model_serializers]   [1m[36mTag Load (0.2ms)[0m  [1m[34mSELECT "tags".* FROM "tags" INNER JOIN "image_tags" ON "tags"."id" = "image_tags"."tag_id" WHERE "image_tags"."image_id" = ?[0m  [["image_id", 1]]
[active_model_serializers] Rendered ActiveModel::Serializer::CollectionSerializer with ActiveModelSerializers::Adapter::Attributes (5.46ms)
Completed 200 OK in 8ms (Views: 7.0ms | ActiveRecord: 0.5ms)


Started GET "/images" for 127.0.0.1 at 2017-06-03 17:39:18 -0400
Processing by ImagesController#index as */*
  [1m[36mImage Load (0.3ms)[0m  [1m[34mSELECT "images".* FROM "images"[0m
[active_model_serializers]   [1m[36mTag Load (0.2ms)[0m  [1m[34mSELECT "tags".* FROM "tags" INNER JOIN "image_tags" ON "tags"."id" = "image_tags"."tag_id" WHERE "image_tags"."image_id" = ?[0m  [["image_id", 1]]
[active_model_serializers] Rendered ActiveModel::Serializer::CollectionSerializer with ActiveModelSerializers::Adapter::Attributes (7.18ms)
Completed 200 OK in 10ms (Views: 9.2ms | ActiveRecord: 0.5ms)


Started GET "/images" for 127.0.0.1 at 2017-06-03 17:41:04 -0400
Processing by ImagesController#index as */*
  [1m[36mImage Load (0.3ms)[0m  [1m[34mSELECT "images".* FROM "images"[0m
[active_model_serializers]   [1m[36mTag Load (0.2ms)[0m  [1m[34mSELECT "tags".* FROM "tags" INNER JOIN "image_tags" ON "tags"."id" = "image_tags"."tag_id" WHERE "image_tags"."image_id" = ?[0m  [["image_id", 1]]
[active_model_serializers] Rendered ActiveModel::Serializer::CollectionSerializer with ActiveModelSerializers::Adapter::Attributes (3.42ms)
Completed 200 OK in 5ms (Views: 4.6ms | ActiveRecord: 0.5ms)


Started GET "/images" for 127.0.0.1 at 2017-06-03 17:43:20 -0400
Processing by ImagesController#index as */*
  [1m[36mImage Load (0.3ms)[0m  [1m[34mSELECT "images".* FROM "images"[0m
[active_model_serializers]   [1m[36mTag Load (0.2ms)[0m  [1m[34mSELECT "tags".* FROM "tags" INNER JOIN "image_tags" ON "tags"."id" = "image_tags"."tag_id" WHERE "image_tags"."image_id" = ?[0m  [["image_id", 1]]
[active_model_serializers] Rendered ActiveModel::Serializer::CollectionSerializer with ActiveModelSerializers::Adapter::Attributes (5.0ms)
Completed 200 OK in 7ms (Views: 6.6ms | ActiveRecord: 0.5ms)


Started GET "/images" for 127.0.0.1 at 2017-06-03 17:49:03 -0400
  [1m[35m (0.2ms)[0m  [1m[34mSELECT "schema_migrations"."version" FROM "schema_migrations" ORDER BY "schema_migrations"."version" ASC[0m
Processing by ImagesController#index as */*
  [1m[36mImage Load (0.5ms)[0m  [1m[34mSELECT "images".* FROM "images"[0m
[active_model_serializers]   [1m[36mTag Load (0.5ms)[0m  [1m[34mSELECT "tags".* FROM "tags" INNER JOIN "image_tags" ON "tags"."id" = "image_tags"."tag_id" WHERE "image_tags"."image_id" = ?[0m  [["image_id", 1]]
[active_model_serializers] Rendered ActiveModel::Serializer::CollectionSerializer with ActiveModelSerializers::Adapter::Attributes (126.48ms)
Completed 200 OK in 284ms (Views: 239.3ms | ActiveRecord: 2.9ms)


Started GET "/images" for 127.0.0.1 at 2017-06-03 17:50:04 -0400
Processing by ImagesController#index as */*
  [1m[36mImage Load (0.3ms)[0m  [1m[34mSELECT "images".* FROM "images"[0m
[active_model_serializers]   [1m[36mTag Load (0.5ms)[0m  [1m[34mSELECT "tags".* FROM "tags" INNER JOIN "image_tags" ON "tags"."id" = "image_tags"."tag_id" WHERE "image_tags"."image_id" = ?[0m  [["image_id", 1]]
[active_model_serializers] Rendered ActiveModel::Serializer::CollectionSerializer with ActiveModelSerializers::Adapter::Attributes (7.69ms)
Completed 200 OK in 12ms (Views: 10.3ms | ActiveRecord: 1.4ms)


Started GET "/images" for 127.0.0.1 at 2017-06-03 17:50:22 -0400
Processing by ImagesController#index as */*
  [1m[36mImage Load (0.3ms)[0m  [1m[34mSELECT "images".* FROM "images"[0m
[active_model_serializers]   [1m[36mTag Load (0.2ms)[0m  [1m[34mSELECT "tags".* FROM "tags" INNER JOIN "image_tags" ON "tags"."id" = "image_tags"."tag_id" WHERE "image_tags"."image_id" = ?[0m  [["image_id", 1]]
[active_model_serializers] Rendered ActiveModel::Serializer::CollectionSerializer with ActiveModelSerializers::Adapter::Attributes (6.67ms)
Completed 200 OK in 10ms (Views: 8.4ms | ActiveRecord: 0.5ms)


Started GET "/images" for 127.0.0.1 at 2017-06-03 17:52:17 -0400
Processing by ImagesController#index as */*
  [1m[36mImage Load (0.3ms)[0m  [1m[34mSELECT "images".* FROM "images"[0m
[active_model_serializers]   [1m[36mTag Load (0.2ms)[0m  [1m[34mSELECT "tags".* FROM "tags" INNER JOIN "image_tags" ON "tags"."id" = "image_tags"."tag_id" WHERE "image_tags"."image_id" = ?[0m  [["image_id", 1]]
[active_model_serializers] Rendered ActiveModel::Serializer::CollectionSerializer with ActiveModelSerializers::Adapter::Attributes (6.26ms)
Completed 200 OK in 9ms (Views: 8.2ms | ActiveRecord: 0.5ms)


Started GET "/images" for 127.0.0.1 at 2017-06-03 17:58:02 -0400
Processing by ImagesController#index as */*
  [1m[36mImage Load (0.7ms)[0m  [1m[34mSELECT "images".* FROM "images"[0m
[active_model_serializers]   [1m[36mTag Load (0.2ms)[0m  [1m[34mSELECT "tags".* FROM "tags" INNER JOIN "image_tags" ON "tags"."id" = "image_tags"."tag_id" WHERE "image_tags"."image_id" = ?[0m  [["image_id", 1]]
[active_model_serializers] Rendered ActiveModel::Serializer::CollectionSerializer with ActiveModelSerializers::Adapter::Attributes (6.44ms)
Completed 200 OK in 11ms (Views: 9.9ms | ActiveRecord: 0.9ms)


Started GET "/images" for 127.0.0.1 at 2017-06-03 17:58:12 -0400
Processing by ImagesController#index as */*
  [1m[36mImage Load (0.3ms)[0m  [1m[34mSELECT "images".* FROM "images"[0m
[active_model_serializers]   [1m[36mTag Load (0.2ms)[0m  [1m[34mSELECT "tags".* FROM "tags" INNER JOIN "image_tags" ON "tags"."id" = "image_tags"."tag_id" WHERE "image_tags"."image_id" = ?[0m  [["image_id", 1]]
[active_model_serializers] Rendered ActiveModel::Serializer::CollectionSerializer with ActiveModelSerializers::Adapter::Attributes (7.31ms)
Completed 200 OK in 11ms (Views: 9.9ms | ActiveRecord: 0.5ms)


Started GET "/images" for 127.0.0.1 at 2017-06-03 17:58:36 -0400
Processing by ImagesController#index as */*
  [1m[36mImage Load (0.3ms)[0m  [1m[34mSELECT "images".* FROM "images"[0m
[active_model_serializers]   [1m[36mTag Load (0.2ms)[0m  [1m[34mSELECT "tags".* FROM "tags" INNER JOIN "image_tags" ON "tags"."id" = "image_tags"."tag_id" WHERE "image_tags"."image_id" = ?[0m  [["image_id", 1]]
[active_model_serializers] Rendered ActiveModel::Serializer::CollectionSerializer with ActiveModelSerializers::Adapter::Attributes (6.05ms)
Completed 200 OK in 9ms (Views: 8.1ms | ActiveRecord: 0.5ms)


Started GET "/images" for 127.0.0.1 at 2017-06-03 17:59:38 -0400
Processing by ImagesController#index as */*
  [1m[36mImage Load (0.3ms)[0m  [1m[34mSELECT "images".* FROM "images"[0m
[active_model_serializers]   [1m[36mTag Load (0.2ms)[0m  [1m[34mSELECT "tags".* FROM "tags" INNER JOIN "image_tags" ON "tags"."id" = "image_tags"."tag_id" WHERE "image_tags"."image_id" = ?[0m  [["image_id", 1]]
[active_model_serializers] Rendered ActiveModel::Serializer::CollectionSerializer with ActiveModelSerializers::Adapter::Attributes (6.52ms)
Completed 200 OK in 9ms (Views: 8.2ms | ActiveRecord: 0.5ms)


Started GET "/images" for 127.0.0.1 at 2017-06-03 18:00:28 -0400
Processing by ImagesController#index as */*
  [1m[36mImage Load (0.3ms)[0m  [1m[34mSELECT "images".* FROM "images"[0m
[active_model_serializers]   [1m[36mTag Load (0.2ms)[0m  [1m[34mSELECT "tags".* FROM "tags" INNER JOIN "image_tags" ON "tags"."id" = "image_tags"."tag_id" WHERE "image_tags"."image_id" = ?[0m  [["image_id", 1]]
[active_model_serializers] Rendered ActiveModel::Serializer::CollectionSerializer with ActiveModelSerializers::Adapter::Attributes (5.95ms)
Completed 200 OK in 9ms (Views: 7.7ms | ActiveRecord: 0.5ms)


Started GET "/images" for 127.0.0.1 at 2017-06-03 18:04:05 -0400
Processing by ImagesController#index as */*
  [1m[36mImage Load (0.3ms)[0m  [1m[34mSELECT "images".* FROM "images"[0m
[active_model_serializers]   [1m[36mTag Load (0.2ms)[0m  [1m[34mSELECT "tags".* FROM "tags" INNER JOIN "image_tags" ON "tags"."id" = "image_tags"."tag_id" WHERE "image_tags"."image_id" = ?[0m  [["image_id", 1]]
[active_model_serializers] Rendered ActiveModel::Serializer::CollectionSerializer with ActiveModelSerializers::Adapter::Attributes (6.0ms)
Completed 200 OK in 9ms (Views: 8.0ms | ActiveRecord: 0.5ms)


Started GET "/images" for 127.0.0.1 at 2017-06-03 18:06:02 -0400
Processing by ImagesController#index as */*
  [1m[36mImage Load (0.3ms)[0m  [1m[34mSELECT "images".* FROM "images"[0m
[active_model_serializers]   [1m[36mTag Load (0.2ms)[0m  [1m[34mSELECT "tags".* FROM "tags" INNER JOIN "image_tags" ON "tags"."id" = "image_tags"."tag_id" WHERE "image_tags"."image_id" = ?[0m  [["image_id", 1]]
[active_model_serializers] Rendered ActiveModel::Serializer::CollectionSerializer with ActiveModelSerializers::Adapter::Attributes (7.74ms)
Completed 200 OK in 11ms (Views: 9.7ms | ActiveRecord: 0.5ms)


Started GET "/images" for 127.0.0.1 at 2017-06-03 18:09:03 -0400
Processing by ImagesController#index as */*
  [1m[36mImage Load (0.3ms)[0m  [1m[34mSELECT "images".* FROM "images"[0m
[active_model_serializers]   [1m[36mTag Load (0.2ms)[0m  [1m[34mSELECT "tags".* FROM "tags" INNER JOIN "image_tags" ON "tags"."id" = "image_tags"."tag_id" WHERE "image_tags"."image_id" = ?[0m  [["image_id", 1]]
[active_model_serializers] Rendered ActiveModel::Serializer::CollectionSerializer with ActiveModelSerializers::Adapter::Attributes (6.54ms)
Completed 200 OK in 9ms (Views: 8.2ms | ActiveRecord: 0.5ms)


Started GET "/images" for 127.0.0.1 at 2017-06-03 18:09:52 -0400
Processing by ImagesController#index as */*
  [1m[36mImage Load (0.6ms)[0m  [1m[34mSELECT "images".* FROM "images"[0m
[active_model_serializers]   [1m[36mTag Load (0.2ms)[0m  [1m[34mSELECT "tags".* FROM "tags" INNER JOIN "image_tags" ON "tags"."id" = "image_tags"."tag_id" WHERE "image_tags"."image_id" = ?[0m  [["image_id", 1]]
[active_model_serializers] Rendered ActiveModel::Serializer::CollectionSerializer with ActiveModelSerializers::Adapter::Attributes (6.33ms)
Completed 200 OK in 9ms (Views: 7.9ms | ActiveRecord: 0.8ms)


Started GET "/images" for 127.0.0.1 at 2017-06-03 18:11:47 -0400
Processing by ImagesController#index as */*
  [1m[36mImage Load (0.3ms)[0m  [1m[34mSELECT "images".* FROM "images"[0m
[active_model_serializers]   [1m[36mTag Load (0.2ms)[0m  [1m[34mSELECT "tags".* FROM "tags" INNER JOIN "image_tags" ON "tags"."id" = "image_tags"."tag_id" WHERE "image_tags"."image_id" = ?[0m  [["image_id", 1]]
[active_model_serializers] Rendered ActiveModel::Serializer::CollectionSerializer with ActiveModelSerializers::Adapter::Attributes (6.6ms)
Completed 200 OK in 10ms (Views: 8.8ms | ActiveRecord: 0.6ms)


Started GET "/images" for 127.0.0.1 at 2017-06-03 18:12:20 -0400
Processing by ImagesController#index as */*
  [1m[36mImage Load (0.2ms)[0m  [1m[34mSELECT "images".* FROM "images"[0m
[active_model_serializers]   [1m[36mTag Load (0.2ms)[0m  [1m[34mSELECT "tags".* FROM "tags" INNER JOIN "image_tags" ON "tags"."id" = "image_tags"."tag_id" WHERE "image_tags"."image_id" = ?[0m  [["image_id", 1]]
[active_model_serializers] Rendered ActiveModel::Serializer::CollectionSerializer with ActiveModelSerializers::Adapter::Attributes (4.36ms)
Completed 200 OK in 7ms (Views: 5.8ms | ActiveRecord: 0.4ms)


Started GET "/images" for 127.0.0.1 at 2017-06-03 18:13:23 -0400
Processing by ImagesController#index as */*
  [1m[36mImage Load (0.6ms)[0m  [1m[34mSELECT "images".* FROM "images"[0m
[active_model_serializers]   [1m[36mTag Load (0.5ms)[0m  [1m[34mSELECT "tags".* FROM "tags" INNER JOIN "image_tags" ON "tags"."id" = "image_tags"."tag_id" WHERE "image_tags"."image_id" = ?[0m  [["image_id", 1]]
[active_model_serializers] Rendered ActiveModel::Serializer::CollectionSerializer with ActiveModelSerializers::Adapter::Attributes (6.35ms)
Completed 200 OK in 9ms (Views: 8.0ms | ActiveRecord: 1.0ms)


Started GET "/images" for 127.0.0.1 at 2017-06-03 18:14:58 -0400
Processing by ImagesController#index as */*
  [1m[36mImage Load (0.3ms)[0m  [1m[34mSELECT "images".* FROM "images"[0m
[active_model_serializers]   [1m[36mTag Load (0.2ms)[0m  [1m[34mSELECT "tags".* FROM "tags" INNER JOIN "image_tags" ON "tags"."id" = "image_tags"."tag_id" WHERE "image_tags"."image_id" = ?[0m  [["image_id", 1]]
[active_model_serializers] Rendered ActiveModel::Serializer::CollectionSerializer with ActiveModelSerializers::Adapter::Attributes (6.15ms)
Completed 200 OK in 9ms (Views: 8.3ms | ActiveRecord: 0.5ms)


Started GET "/images" for 127.0.0.1 at 2017-06-03 18:16:03 -0400
Processing by ImagesController#index as */*
  [1m[36mImage Load (0.3ms)[0m  [1m[34mSELECT "images".* FROM "images"[0m
[active_model_serializers]   [1m[36mTag Load (0.2ms)[0m  [1m[34mSELECT "tags".* FROM "tags" INNER JOIN "image_tags" ON "tags"."id" = "image_tags"."tag_id" WHERE "image_tags"."image_id" = ?[0m  [["image_id", 1]]
[active_model_serializers] Rendered ActiveModel::Serializer::CollectionSerializer with ActiveModelSerializers::Adapter::Attributes (6.6ms)
Completed 200 OK in 10ms (Views: 8.8ms | ActiveRecord: 0.5ms)


Started GET "/images" for 127.0.0.1 at 2017-06-03 18:17:15 -0400
Processing by ImagesController#index as */*
  [1m[36mImage Load (0.3ms)[0m  [1m[34mSELECT "images".* FROM "images"[0m
[active_model_serializers]   [1m[36mTag Load (0.2ms)[0m  [1m[34mSELECT "tags".* FROM "tags" INNER JOIN "image_tags" ON "tags"."id" = "image_tags"."tag_id" WHERE "image_tags"."image_id" = ?[0m  [["image_id", 1]]
[active_model_serializers] Rendered ActiveModel::Serializer::CollectionSerializer with ActiveModelSerializers::Adapter::Attributes (6.3ms)
Completed 200 OK in 9ms (Views: 7.8ms | ActiveRecord: 0.5ms)


Started GET "/images" for 127.0.0.1 at 2017-06-03 18:17:19 -0400
Processing by ImagesController#index as */*
  [1m[36mImage Load (0.3ms)[0m  [1m[34mSELECT "images".* FROM "images"[0m
[active_model_serializers]   [1m[36mTag Load (0.2ms)[0m  [1m[34mSELECT "tags".* FROM "tags" INNER JOIN "image_tags" ON "tags"."id" = "image_tags"."tag_id" WHERE "image_tags"."image_id" = ?[0m  [["image_id", 1]]
[active_model_serializers] Rendered ActiveModel::Serializer::CollectionSerializer with ActiveModelSerializers::Adapter::Attributes (5.89ms)
Completed 200 OK in 9ms (Views: 8.1ms | ActiveRecord: 0.5ms)


Started GET "/images" for 127.0.0.1 at 2017-06-03 18:18:32 -0400
Processing by ImagesController#index as */*
  [1m[36mImage Load (0.3ms)[0m  [1m[34mSELECT "images".* FROM "images"[0m
[active_model_serializers]   [1m[36mTag Load (0.2ms)[0m  [1m[34mSELECT "tags".* FROM "tags" INNER JOIN "image_tags" ON "tags"."id" = "image_tags"."tag_id" WHERE "image_tags"."image_id" = ?[0m  [["image_id", 1]]
[active_model_serializers] Rendered ActiveModel::Serializer::CollectionSerializer with ActiveModelSerializers::Adapter::Attributes (9.47ms)
Completed 200 OK in 13ms (Views: 12.0ms | ActiveRecord: 0.6ms)


Started GET "/images" for 127.0.0.1 at 2017-06-03 18:20:40 -0400
Processing by ImagesController#index as */*
  [1m[36mImage Load (0.3ms)[0m  [1m[34mSELECT "images".* FROM "images"[0m
[active_model_serializers]   [1m[36mTag Load (0.2ms)[0m  [1m[34mSELECT "tags".* FROM "tags" INNER JOIN "image_tags" ON "tags"."id" = "image_tags"."tag_id" WHERE "image_tags"."image_id" = ?[0m  [["image_id", 1]]
[active_model_serializers] Rendered ActiveModel::Serializer::CollectionSerializer with ActiveModelSerializers::Adapter::Attributes (5.52ms)
Completed 200 OK in 9ms (Views: 8.0ms | ActiveRecord: 0.5ms)


Started GET "/images" for 127.0.0.1 at 2017-06-03 18:22:37 -0400
Processing by ImagesController#index as */*
  [1m[36mImage Load (0.4ms)[0m  [1m[34mSELECT "images".* FROM "images"[0m
[active_model_serializers]   [1m[36mTag Load (0.1ms)[0m  [1m[34mSELECT "tags".* FROM "tags" INNER JOIN "image_tags" ON "tags"."id" = "image_tags"."tag_id" WHERE "image_tags"."image_id" = ?[0m  [["image_id", 1]]
[active_model_serializers] Rendered ActiveModel::Serializer::CollectionSerializer with ActiveModelSerializers::Adapter::Attributes (4.64ms)
Completed 200 OK in 8ms (Views: 7.1ms | ActiveRecord: 0.5ms)


Started GET "/images" for 127.0.0.1 at 2017-06-03 18:23:43 -0400
Processing by ImagesController#index as */*
  [1m[36mImage Load (0.3ms)[0m  [1m[34mSELECT "images".* FROM "images"[0m
[active_model_serializers]   [1m[36mTag Load (0.2ms)[0m  [1m[34mSELECT "tags".* FROM "tags" INNER JOIN "image_tags" ON "tags"."id" = "image_tags"."tag_id" WHERE "image_tags"."image_id" = ?[0m  [["image_id", 1]]
[active_model_serializers] Rendered ActiveModel::Serializer::CollectionSerializer with ActiveModelSerializers::Adapter::Attributes (4.94ms)
Completed 200 OK in 8ms (Views: 6.7ms | ActiveRecord: 0.5ms)


Started GET "/images" for 127.0.0.1 at 2017-06-03 18:24:16 -0400
Processing by ImagesController#index as */*
  [1m[36mImage Load (0.3ms)[0m  [1m[34mSELECT "images".* FROM "images"[0m
[active_model_serializers]   [1m[36mTag Load (0.2ms)[0m  [1m[34mSELECT "tags".* FROM "tags" INNER JOIN "image_tags" ON "tags"."id" = "image_tags"."tag_id" WHERE "image_tags"."image_id" = ?[0m  [["image_id", 1]]
[active_model_serializers] Rendered ActiveModel::Serializer::CollectionSerializer with ActiveModelSerializers::Adapter::Attributes (5.68ms)
Completed 200 OK in 8ms (Views: 7.3ms | ActiveRecord: 0.5ms)


Started GET "/images" for 127.0.0.1 at 2017-06-03 18:24:53 -0400
Processing by ImagesController#index as */*
  [1m[36mImage Load (0.3ms)[0m  [1m[34mSELECT "images".* FROM "images"[0m
[active_model_serializers]   [1m[36mTag Load (0.2ms)[0m  [1m[34mSELECT "tags".* FROM "tags" INNER JOIN "image_tags" ON "tags"."id" = "image_tags"."tag_id" WHERE "image_tags"."image_id" = ?[0m  [["image_id", 1]]
[active_model_serializers] Rendered ActiveModel::Serializer::CollectionSerializer with ActiveModelSerializers::Adapter::Attributes (6.52ms)
Completed 200 OK in 9ms (Views: 8.3ms | ActiveRecord: 0.5ms)


Started GET "/images" for 127.0.0.1 at 2017-06-03 18:25:35 -0400
Processing by ImagesController#index as */*
  [1m[36mImage Load (0.3ms)[0m  [1m[34mSELECT "images".* FROM "images"[0m
[active_model_serializers]   [1m[36mTag Load (0.3ms)[0m  [1m[34mSELECT "tags".* FROM "tags" INNER JOIN "image_tags" ON "tags"."id" = "image_tags"."tag_id" WHERE "image_tags"."image_id" = ?[0m  [["image_id", 1]]
[active_model_serializers] Rendered ActiveModel::Serializer::CollectionSerializer with ActiveModelSerializers::Adapter::Attributes (6.77ms)
Completed 200 OK in 10ms (Views: 9.3ms | ActiveRecord: 0.6ms)


Started GET "/images" for 127.0.0.1 at 2017-06-03 18:26:49 -0400
Processing by ImagesController#index as */*
  [1m[36mImage Load (0.3ms)[0m  [1m[34mSELECT "images".* FROM "images"[0m
[active_model_serializers]   [1m[36mTag Load (0.2ms)[0m  [1m[34mSELECT "tags".* FROM "tags" INNER JOIN "image_tags" ON "tags"."id" = "image_tags"."tag_id" WHERE "image_tags"."image_id" = ?[0m  [["image_id", 1]]
[active_model_serializers] Rendered ActiveModel::Serializer::CollectionSerializer with ActiveModelSerializers::Adapter::Attributes (6.7ms)
Completed 200 OK in 10ms (Views: 9.3ms | ActiveRecord: 0.5ms)


Started GET "/images" for 127.0.0.1 at 2017-06-03 18:27:06 -0400
Processing by ImagesController#index as */*
  [1m[36mImage Load (0.3ms)[0m  [1m[34mSELECT "images".* FROM "images"[0m
[active_model_serializers]   [1m[36mTag Load (0.2ms)[0m  [1m[34mSELECT "tags".* FROM "tags" INNER JOIN "image_tags" ON "tags"."id" = "image_tags"."tag_id" WHERE "image_tags"."image_id" = ?[0m  [["image_id", 1]]
[active_model_serializers] Rendered ActiveModel::Serializer::CollectionSerializer with ActiveModelSerializers::Adapter::Attributes (5.59ms)
Completed 200 OK in 8ms (Views: 7.2ms | ActiveRecord: 0.5ms)


Started GET "/images" for 127.0.0.1 at 2017-06-03 18:27:53 -0400
Processing by ImagesController#index as */*
  [1m[36mImage Load (0.3ms)[0m  [1m[34mSELECT "images".* FROM "images"[0m
[active_model_serializers]   [1m[36mTag Load (0.6ms)[0m  [1m[34mSELECT "tags".* FROM "tags" INNER JOIN "image_tags" ON "tags"."id" = "image_tags"."tag_id" WHERE "image_tags"."image_id" = ?[0m  [["image_id", 1]]
[active_model_serializers] Rendered ActiveModel::Serializer::CollectionSerializer with ActiveModelSerializers::Adapter::Attributes (6.18ms)
Completed 200 OK in 9ms (Views: 7.3ms | ActiveRecord: 0.9ms)


Started GET "/images" for 127.0.0.1 at 2017-06-03 18:28:32 -0400
Processing by ImagesController#index as */*
  [1m[36mImage Load (0.3ms)[0m  [1m[34mSELECT "images".* FROM "images"[0m
[active_model_serializers]   [1m[36mTag Load (0.2ms)[0m  [1m[34mSELECT "tags".* FROM "tags" INNER JOIN "image_tags" ON "tags"."id" = "image_tags"."tag_id" WHERE "image_tags"."image_id" = ?[0m  [["image_id", 1]]
[active_model_serializers] Rendered ActiveModel::Serializer::CollectionSerializer with ActiveModelSerializers::Adapter::Attributes (5.72ms)
Completed 200 OK in 11ms (Views: 10.0ms | ActiveRecord: 0.5ms)


Started GET "/images" for 127.0.0.1 at 2017-06-03 18:28:51 -0400
Processing by ImagesController#index as */*
  [1m[36mImage Load (0.3ms)[0m  [1m[34mSELECT "images".* FROM "images"[0m
[active_model_serializers]   [1m[36mTag Load (0.2ms)[0m  [1m[34mSELECT "tags".* FROM "tags" INNER JOIN "image_tags" ON "tags"."id" = "image_tags"."tag_id" WHERE "image_tags"."image_id" = ?[0m  [["image_id", 1]]
[active_model_serializers] Rendered ActiveModel::Serializer::CollectionSerializer with ActiveModelSerializers::Adapter::Attributes (11.04ms)
Completed 200 OK in 14ms (Views: 12.9ms | ActiveRecord: 0.5ms)


  [1m[35m (0.2ms)[0m  [1m[34mSELECT sqlite_version(*)[0m
  [1m[35m (146.5ms)[0m  [1m[35mCREATE TABLE "schema_migrations" ("version" varchar NOT NULL PRIMARY KEY)[0m
  [1m[35m (123.3ms)[0m  [1m[35mCREATE TABLE "ar_internal_metadata" ("key" varchar NOT NULL PRIMARY KEY, "value" varchar, "created_at" datetime NOT NULL, "updated_at" datetime NOT NULL)[0m
  [1m[35m (0.3ms)[0m  [1m[34mSELECT "schema_migrations"."version" FROM "schema_migrations" ORDER BY "schema_migrations"."version" ASC[0m
Migrating to CreateImages (20170603151345)
  [1m[35m (0.1ms)[0m  [1m[36mbegin transaction[0m
  [1m[35m (1.0ms)[0m  [1m[35mCREATE TABLE "images" ("id" INTEGER PRIMARY KEY AUTOINCREMENT NOT NULL, "url" varchar, "name" varchar, "created_at" datetime NOT NULL, "updated_at" datetime NOT NULL)[0m
  [1m[35mSQL (0.2ms)[0m  [1m[32mINSERT INTO "schema_migrations" ("version") VALUES (?)[0m  [["version", "20170603151345"]]
  [1m[35m (140.5ms)[0m  [1m[36mcommit transaction[0m
Migrating to CreateTags (20170603151548)
  [1m[35m (0.1ms)[0m  [1m[36mbegin transaction[0m
  [1m[35m (0.4ms)[0m  [1m[35mCREATE TABLE "tags" ("id" INTEGER PRIMARY KEY AUTOINCREMENT NOT NULL, "tag_name" varchar, "created_at" datetime NOT NULL, "updated_at" datetime NOT NULL)[0m
  [1m[35mSQL (0.2ms)[0m  [1m[32mINSERT INTO "schema_migrations" ("version") VALUES (?)[0m  [["version", "20170603151548"]]
  [1m[35m (118.5ms)[0m  [1m[36mcommit transaction[0m
Migrating to CreateImageTags (20170603151850)
  [1m[35m (0.1ms)[0m  [1m[36mbegin transaction[0m
  [1m[35m (0.9ms)[0m  [1m[35mCREATE TABLE "image_tags" ("id" INTEGER PRIMARY KEY AUTOINCREMENT NOT NULL, "image_id" integer, "tag_id" integer, "created_at" datetime NOT NULL, "updated_at" datetime NOT NULL, CONSTRAINT "fk_rails_32b653599c"
FOREIGN KEY ("image_id")
  REFERENCES "images" ("id")
, CONSTRAINT "fk_rails_fdb2b6eb1e"
FOREIGN KEY ("tag_id")
  REFERENCES "tags" ("id")
)[0m
  [1m[35m (0.2ms)[0m  [1m[35mCREATE  INDEX "index_image_tags_on_image_id" ON "image_tags" ("image_id")[0m
  [1m[35m (0.1ms)[0m  [1m[34m            SELECT sql
            FROM sqlite_master
            WHERE name='index_image_tags_on_image_id' AND type='index'
            UNION ALL
            SELECT sql
            FROM sqlite_temp_master
            WHERE name='index_image_tags_on_image_id' AND type='index'
[0m
  [1m[35m (0.2ms)[0m  [1m[35mCREATE  INDEX "index_image_tags_on_tag_id" ON "image_tags" ("tag_id")[0m
  [1m[35mSQL (0.2ms)[0m  [1m[32mINSERT INTO "schema_migrations" ("version") VALUES (?)[0m  [["version", "20170603151850"]]
  [1m[35m (116.1ms)[0m  [1m[36mcommit transaction[0m
  [1m[36mActiveRecord::InternalMetadata Load (0.3ms)[0m  [1m[34mSELECT  "ar_internal_metadata".* FROM "ar_internal_metadata" WHERE "ar_internal_metadata"."key" = ? LIMIT ?[0m  [["key", "environment"], ["LIMIT", 1]]
  [1m[35m (0.1ms)[0m  [1m[36mbegin transaction[0m
  [1m[35mSQL (0.4ms)[0m  [1m[32mINSERT INTO "ar_internal_metadata" ("key", "value", "created_at", "updated_at") VALUES (?, ?, ?, ?)[0m  [["key", "environment"], ["value", "development"], ["created_at", "2017-06-03 22:30:22.240318"], ["updated_at", "2017-06-03 22:30:22.240318"]]
  [1m[35m (90.4ms)[0m  [1m[36mcommit transaction[0m
  [1m[35m (0.2ms)[0m  [1m[34mSELECT "schema_migrations"."version" FROM "schema_migrations" ORDER BY "schema_migrations"."version" ASC[0m
  [1m[35m (0.2ms)[0m  [1m[34m            SELECT sql
            FROM sqlite_master
            WHERE name='index_image_tags_on_tag_id' AND type='index'
            UNION ALL
            SELECT sql
            FROM sqlite_temp_master
            WHERE name='index_image_tags_on_tag_id' AND type='index'
[0m
  [1m[35m (0.2ms)[0m  [1m[34m            SELECT sql
            FROM sqlite_master
            WHERE name='index_image_tags_on_image_id' AND type='index'
            UNION ALL
            SELECT sql
            FROM sqlite_temp_master
            WHERE name='index_image_tags_on_image_id' AND type='index'
[0m
Started GET "/images" for 127.0.0.1 at 2017-06-05 09:07:54 -0400
  [1m[35m (0.4ms)[0m  [1m[34mSELECT "schema_migrations"."version" FROM "schema_migrations" ORDER BY "schema_migrations"."version" ASC[0m
Processing by ImagesController#index as */*
  [1m[36mImage Load (0.3ms)[0m  [1m[34mSELECT "images".* FROM "images"[0m
[active_model_serializers] Rendered ActiveModel::Serializer::CollectionSerializer with ActiveModelSerializers::Adapter::Attributes (0.19ms)
Completed 200 OK in 300ms (Views: 133.1ms | ActiveRecord: 0.9ms)


Started GET "/images" for 127.0.0.1 at 2017-06-05 09:08:57 -0400
Processing by ImagesController#index as */*
  [1m[36mImage Load (0.2ms)[0m  [1m[34mSELECT "images".* FROM "images"[0m
[active_model_serializers] Rendered ActiveModel::Serializer::CollectionSerializer with ActiveModelSerializers::Adapter::Attributes (0.1ms)
Completed 200 OK in 3ms (Views: 1.8ms | ActiveRecord: 0.6ms)


  [1m[35m (0.1ms)[0m  [1m[36mbegin transaction[0m
  [1m[35mSQL (54.2ms)[0m  [1m[32mINSERT INTO "images" ("url", "name", "created_at", "updated_at") VALUES (?, ?, ?, ?)[0m  [["url", "http://cdn.bloody-disgusting.com/wp-content/uploads/2016/03/halloween-poster-artwork-donald-pleasence-jamie-lee-curtis-pj-soles.jpg"], ["name", "Halloween (1978)"], ["created_at", "2017-06-05 13:12:10.840610"], ["updated_at", "2017-06-05 13:12:10.840610"]]
  [1m[35m (229.8ms)[0m  [1m[36mcommit transaction[0m
  [1m[36mImage Load (0.4ms)[0m  [1m[34mSELECT  "images".* FROM "images" LIMIT ?[0m  [["LIMIT", 11]]
Started GET "/images" for 127.0.0.1 at 2017-06-05 09:13:11 -0400
  [1m[35m (0.2ms)[0m  [1m[34mSELECT "schema_migrations"."version" FROM "schema_migrations" ORDER BY "schema_migrations"."version" ASC[0m
Processing by ImagesController#index as */*
  [1m[36mImage Load (0.2ms)[0m  [1m[34mSELECT "images".* FROM "images"[0m
[active_model_serializers]   [1m[36mTag Load (0.3ms)[0m  [1m[34mSELECT "tags".* FROM "tags" INNER JOIN "image_tags" ON "tags"."id" = "image_tags"."tag_id" WHERE "image_tags"."image_id" = ?[0m  [["image_id", 1]]
[active_model_serializers] Rendered ActiveModel::Serializer::CollectionSerializer with ActiveModelSerializers::Adapter::Attributes (183.63ms)
Completed 200 OK in 308ms (Views: 295.1ms | ActiveRecord: 2.6ms)


Started GET "/images" for 127.0.0.1 at 2017-06-05 09:14:31 -0400
Processing by ImagesController#index as */*
  [1m[36mImage Load (0.3ms)[0m  [1m[34mSELECT "images".* FROM "images"[0m
[active_model_serializers]   [1m[36mTag Load (0.4ms)[0m  [1m[34mSELECT "tags".* FROM "tags" INNER JOIN "image_tags" ON "tags"."id" = "image_tags"."tag_id" WHERE "image_tags"."image_id" = ?[0m  [["image_id", 1]]
[active_model_serializers] Rendered ActiveModel::Serializer::CollectionSerializer with ActiveModelSerializers::Adapter::Attributes (6.21ms)
Completed 200 OK in 11ms (Views: 9.0ms | ActiveRecord: 1.4ms)


Started GET "/images" for 127.0.0.1 at 2017-06-05 09:16:10 -0400
Processing by ImagesController#index as */*
  [1m[36mImage Load (0.3ms)[0m  [1m[34mSELECT "images".* FROM "images"[0m
[active_model_serializers]   [1m[36mTag Load (0.2ms)[0m  [1m[34mSELECT "tags".* FROM "tags" INNER JOIN "image_tags" ON "tags"."id" = "image_tags"."tag_id" WHERE "image_tags"."image_id" = ?[0m  [["image_id", 1]]
[active_model_serializers] Rendered ActiveModel::Serializer::CollectionSerializer with ActiveModelSerializers::Adapter::Attributes (5.44ms)
Completed 200 OK in 8ms (Views: 7.0ms | ActiveRecord: 0.5ms)


Started GET "/images" for 127.0.0.1 at 2017-06-05 09:17:06 -0400
Processing by ImagesController#index as */*
  [1m[36mImage Load (0.3ms)[0m  [1m[34mSELECT "images".* FROM "images"[0m
[active_model_serializers]   [1m[36mTag Load (0.2ms)[0m  [1m[34mSELECT "tags".* FROM "tags" INNER JOIN "image_tags" ON "tags"."id" = "image_tags"."tag_id" WHERE "image_tags"."image_id" = ?[0m  [["image_id", 1]]
[active_model_serializers] Rendered ActiveModel::Serializer::CollectionSerializer with ActiveModelSerializers::Adapter::Attributes (5.99ms)
Completed 200 OK in 9ms (Views: 7.8ms | ActiveRecord: 0.5ms)


Started GET "/images" for 127.0.0.1 at 2017-06-05 09:17:12 -0400
Processing by ImagesController#index as */*
  [1m[36mImage Load (0.3ms)[0m  [1m[34mSELECT "images".* FROM "images"[0m
[active_model_serializers]   [1m[36mTag Load (0.2ms)[0m  [1m[34mSELECT "tags".* FROM "tags" INNER JOIN "image_tags" ON "tags"."id" = "image_tags"."tag_id" WHERE "image_tags"."image_id" = ?[0m  [["image_id", 1]]
[active_model_serializers] Rendered ActiveModel::Serializer::CollectionSerializer with ActiveModelSerializers::Adapter::Attributes (5.67ms)
Completed 200 OK in 8ms (Views: 7.2ms | ActiveRecord: 0.5ms)


Started GET "/images" for 127.0.0.1 at 2017-06-05 09:17:42 -0400
Processing by ImagesController#index as */*
  [1m[36mImage Load (0.2ms)[0m  [1m[34mSELECT "images".* FROM "images"[0m
[active_model_serializers]   [1m[36mTag Load (0.1ms)[0m  [1m[34mSELECT "tags".* FROM "tags" INNER JOIN "image_tags" ON "tags"."id" = "image_tags"."tag_id" WHERE "image_tags"."image_id" = ?[0m  [["image_id", 1]]
[active_model_serializers] Rendered ActiveModel::Serializer::CollectionSerializer with ActiveModelSerializers::Adapter::Attributes (3.36ms)
Completed 200 OK in 6ms (Views: 4.9ms | ActiveRecord: 0.3ms)


Started GET "/images" for 127.0.0.1 at 2017-06-05 10:46:43 -0400
  [1m[35m (0.2ms)[0m  [1m[34mSELECT "schema_migrations"."version" FROM "schema_migrations" ORDER BY "schema_migrations"."version" ASC[0m
Processing by ImagesController#index as HTML
  [1m[36mImage Load (0.3ms)[0m  [1m[34mSELECT "images".* FROM "images"[0m
[active_model_serializers]   [1m[36mTag Load (0.3ms)[0m  [1m[34mSELECT "tags".* FROM "tags" INNER JOIN "image_tags" ON "tags"."id" = "image_tags"."tag_id" WHERE "image_tags"."image_id" = ?[0m  [["image_id", 1]]
[active_model_serializers] Rendered ActiveModel::Serializer::CollectionSerializer with ActiveModelSerializers::Adapter::Attributes (136.41ms)
Completed 200 OK in 305ms (Views: 249.3ms | ActiveRecord: 2.9ms)


Started GET "/favicon.ico" for 127.0.0.1 at 2017-06-05 10:46:46 -0400
  
ActionController::RoutingError (No route matches [GET] "/favicon.ico"):
  
actionpack (5.1.1) lib/action_dispatch/middleware/debug_exceptions.rb:63:in `call'
actionpack (5.1.1) lib/action_dispatch/middleware/show_exceptions.rb:31:in `call'
railties (5.1.1) lib/rails/rack/logger.rb:36:in `call_app'
railties (5.1.1) lib/rails/rack/logger.rb:24:in `block in call'
activesupport (5.1.1) lib/active_support/tagged_logging.rb:69:in `block in tagged'
activesupport (5.1.1) lib/active_support/tagged_logging.rb:26:in `tagged'
activesupport (5.1.1) lib/active_support/tagged_logging.rb:69:in `tagged'
railties (5.1.1) lib/rails/rack/logger.rb:24:in `call'
actionpack (5.1.1) lib/action_dispatch/middleware/remote_ip.rb:79:in `call'
actionpack (5.1.1) lib/action_dispatch/middleware/request_id.rb:25:in `call'
rack (2.0.3) lib/rack/runtime.rb:22:in `call'
activesupport (5.1.1) lib/active_support/cache/strategy/local_cache_middleware.rb:27:in `call'
actionpack (5.1.1) lib/action_dispatch/middleware/executor.rb:12:in `call'
actionpack (5.1.1) lib/action_dispatch/middleware/static.rb:125:in `call'
rack (2.0.3) lib/rack/sendfile.rb:111:in `call'
rack-cors (0.4.1) lib/rack/cors.rb:81:in `call'
railties (5.1.1) lib/rails/engine.rb:522:in `call'
puma (3.9.1) lib/puma/configuration.rb:224:in `call'
puma (3.9.1) lib/puma/server.rb:602:in `handle_request'
puma (3.9.1) lib/puma/server.rb:435:in `process_client'
puma (3.9.1) lib/puma/server.rb:299:in `block in run'
puma (3.9.1) lib/puma/thread_pool.rb:120:in `block in spawn_thread'
Started GET "/images" for 127.0.0.1 at 2017-06-05 11:04:24 -0400
  [1m[35m (0.2ms)[0m  [1m[34mSELECT "schema_migrations"."version" FROM "schema_migrations" ORDER BY "schema_migrations"."version" ASC[0m
Processing by ImagesController#index as */*
  [1m[36mImage Load (5.5ms)[0m  [1m[34mSELECT "images".* FROM "images"[0m
[active_model_serializers]   [1m[36mTag Load (0.3ms)[0m  [1m[34mSELECT "tags".* FROM "tags" INNER JOIN "image_tags" ON "tags"."id" = "image_tags"."tag_id" WHERE "image_tags"."image_id" = ?[0m  [["image_id", 1]]
[active_model_serializers] Rendered ActiveModel::Serializer::CollectionSerializer with ActiveModelSerializers::Adapter::Attributes (128.18ms)
Completed 200 OK in 257ms (Views: 222.6ms | ActiveRecord: 8.1ms)


Started GET "/images" for 127.0.0.1 at 2017-06-05 11:06:31 -0400
Processing by ImagesController#index as */*
  [1m[36mImage Load (0.3ms)[0m  [1m[34mSELECT "images".* FROM "images"[0m
[active_model_serializers]   [1m[36mTag Load (0.6ms)[0m  [1m[34mSELECT "tags".* FROM "tags" INNER JOIN "image_tags" ON "tags"."id" = "image_tags"."tag_id" WHERE "image_tags"."image_id" = ?[0m  [["image_id", 1]]
[active_model_serializers] Rendered ActiveModel::Serializer::CollectionSerializer with ActiveModelSerializers::Adapter::Attributes (6.05ms)
Completed 200 OK in 10ms (Views: 8.2ms | ActiveRecord: 1.5ms)


Started GET "/images" for 127.0.0.1 at 2017-06-05 11:07:05 -0400
Processing by ImagesController#index as */*
  [1m[36mImage Load (0.6ms)[0m  [1m[34mSELECT "images".* FROM "images"[0m
[active_model_serializers]   [1m[36mTag Load (0.2ms)[0m  [1m[34mSELECT "tags".* FROM "tags" INNER JOIN "image_tags" ON "tags"."id" = "image_tags"."tag_id" WHERE "image_tags"."image_id" = ?[0m  [["image_id", 1]]
[active_model_serializers] Rendered ActiveModel::Serializer::CollectionSerializer with ActiveModelSerializers::Adapter::Attributes (5.67ms)
Completed 200 OK in 8ms (Views: 7.2ms | ActiveRecord: 0.8ms)


Started GET "/images" for 127.0.0.1 at 2017-06-05 11:07:58 -0400
Processing by ImagesController#index as */*
  [1m[36mImage Load (0.3ms)[0m  [1m[34mSELECT "images".* FROM "images"[0m
[active_model_serializers]   [1m[36mTag Load (0.1ms)[0m  [1m[34mSELECT "tags".* FROM "tags" INNER JOIN "image_tags" ON "tags"."id" = "image_tags"."tag_id" WHERE "image_tags"."image_id" = ?[0m  [["image_id", 1]]
[active_model_serializers] Rendered ActiveModel::Serializer::CollectionSerializer with ActiveModelSerializers::Adapter::Attributes (3.77ms)
Completed 200 OK in 7ms (Views: 6.5ms | ActiveRecord: 0.4ms)


Started GET "/images" for 127.0.0.1 at 2017-06-05 11:11:00 -0400
Processing by ImagesController#index as */*
  [1m[36mImage Load (0.6ms)[0m  [1m[34mSELECT "images".* FROM "images"[0m
[active_model_serializers]   [1m[36mTag Load (0.2ms)[0m  [1m[34mSELECT "tags".* FROM "tags" INNER JOIN "image_tags" ON "tags"."id" = "image_tags"."tag_id" WHERE "image_tags"."image_id" = ?[0m  [["image_id", 1]]
[active_model_serializers] Rendered ActiveModel::Serializer::CollectionSerializer with ActiveModelSerializers::Adapter::Attributes (5.45ms)
Completed 200 OK in 8ms (Views: 7.0ms | ActiveRecord: 0.8ms)


Started GET "/images" for 127.0.0.1 at 2017-06-05 11:12:45 -0400
Processing by ImagesController#index as */*
  [1m[36mImage Load (0.3ms)[0m  [1m[34mSELECT "images".* FROM "images"[0m
[active_model_serializers]   [1m[36mTag Load (0.2ms)[0m  [1m[34mSELECT "tags".* FROM "tags" INNER JOIN "image_tags" ON "tags"."id" = "image_tags"."tag_id" WHERE "image_tags"."image_id" = ?[0m  [["image_id", 1]]
[active_model_serializers] Rendered ActiveModel::Serializer::CollectionSerializer with ActiveModelSerializers::Adapter::Attributes (5.99ms)
Completed 200 OK in 10ms (Views: 9.2ms | ActiveRecord: 0.5ms)


Started GET "/images" for 127.0.0.1 at 2017-06-05 11:13:31 -0400
Processing by ImagesController#index as */*
  [1m[36mImage Load (0.3ms)[0m  [1m[34mSELECT "images".* FROM "images"[0m
[active_model_serializers]   [1m[36mTag Load (0.2ms)[0m  [1m[34mSELECT "tags".* FROM "tags" INNER JOIN "image_tags" ON "tags"."id" = "image_tags"."tag_id" WHERE "image_tags"."image_id" = ?[0m  [["image_id", 1]]
[active_model_serializers] Rendered ActiveModel::Serializer::CollectionSerializer with ActiveModelSerializers::Adapter::Attributes (6.02ms)
Completed 200 OK in 9ms (Views: 8.0ms | ActiveRecord: 0.5ms)


Started GET "/images" for 127.0.0.1 at 2017-06-05 11:16:29 -0400
Processing by ImagesController#index as */*
  [1m[36mImage Load (0.3ms)[0m  [1m[34mSELECT "images".* FROM "images"[0m
[active_model_serializers]   [1m[36mTag Load (0.2ms)[0m  [1m[34mSELECT "tags".* FROM "tags" INNER JOIN "image_tags" ON "tags"."id" = "image_tags"."tag_id" WHERE "image_tags"."image_id" = ?[0m  [["image_id", 1]]
[active_model_serializers] Rendered ActiveModel::Serializer::CollectionSerializer with ActiveModelSerializers::Adapter::Attributes (5.07ms)
Completed 200 OK in 8ms (Views: 6.8ms | ActiveRecord: 0.5ms)


Started GET "/images" for 127.0.0.1 at 2017-06-05 11:16:51 -0400
Processing by ImagesController#index as */*
  [1m[36mImage Load (0.3ms)[0m  [1m[34mSELECT "images".* FROM "images"[0m
[active_model_serializers]   [1m[36mTag Load (0.2ms)[0m  [1m[34mSELECT "tags".* FROM "tags" INNER JOIN "image_tags" ON "tags"."id" = "image_tags"."tag_id" WHERE "image_tags"."image_id" = ?[0m  [["image_id", 1]]
[active_model_serializers] Rendered ActiveModel::Serializer::CollectionSerializer with ActiveModelSerializers::Adapter::Attributes (5.21ms)
Completed 200 OK in 8ms (Views: 6.8ms | ActiveRecord: 0.4ms)


Started GET "/images" for 127.0.0.1 at 2017-06-05 12:17:46 -0400
Processing by ImagesController#index as */*
  [1m[36mImage Load (0.3ms)[0m  [1m[34mSELECT "images".* FROM "images"[0m
[active_model_serializers]   [1m[36mTag Load (0.3ms)[0m  [1m[34mSELECT "tags".* FROM "tags" INNER JOIN "image_tags" ON "tags"."id" = "image_tags"."tag_id" WHERE "image_tags"."image_id" = ?[0m  [["image_id", 1]]
[active_model_serializers] Rendered ActiveModel::Serializer::CollectionSerializer with ActiveModelSerializers::Adapter::Attributes (6.27ms)
Completed 200 OK in 9ms (Views: 7.7ms | ActiveRecord: 0.6ms)


Started GET "/images" for 127.0.0.1 at 2017-06-05 12:20:04 -0400
Processing by ImagesController#index as */*
  [1m[36mImage Load (0.3ms)[0m  [1m[34mSELECT "images".* FROM "images"[0m
[active_model_serializers]   [1m[36mTag Load (0.1ms)[0m  [1m[34mSELECT "tags".* FROM "tags" INNER JOIN "image_tags" ON "tags"."id" = "image_tags"."tag_id" WHERE "image_tags"."image_id" = ?[0m  [["image_id", 1]]
[active_model_serializers] Rendered ActiveModel::Serializer::CollectionSerializer with ActiveModelSerializers::Adapter::Attributes (3.5ms)
Completed 200 OK in 6ms (Views: 4.9ms | ActiveRecord: 0.4ms)


Started GET "/images" for 127.0.0.1 at 2017-06-05 12:20:43 -0400
Processing by ImagesController#index as */*
  [1m[36mImage Load (0.2ms)[0m  [1m[34mSELECT "images".* FROM "images"[0m
[active_model_serializers]   [1m[36mTag Load (0.1ms)[0m  [1m[34mSELECT "tags".* FROM "tags" INNER JOIN "image_tags" ON "tags"."id" = "image_tags"."tag_id" WHERE "image_tags"."image_id" = ?[0m  [["image_id", 1]]
[active_model_serializers] Rendered ActiveModel::Serializer::CollectionSerializer with ActiveModelSerializers::Adapter::Attributes (3.48ms)
Completed 200 OK in 5ms (Views: 4.5ms | ActiveRecord: 0.3ms)


Started GET "/images" for 127.0.0.1 at 2017-06-05 12:21:00 -0400
Processing by ImagesController#index as */*
  [1m[36mImage Load (0.2ms)[0m  [1m[34mSELECT "images".* FROM "images"[0m
[active_model_serializers]   [1m[36mTag Load (0.1ms)[0m  [1m[34mSELECT "tags".* FROM "tags" INNER JOIN "image_tags" ON "tags"."id" = "image_tags"."tag_id" WHERE "image_tags"."image_id" = ?[0m  [["image_id", 1]]
[active_model_serializers] Rendered ActiveModel::Serializer::CollectionSerializer with ActiveModelSerializers::Adapter::Attributes (3.76ms)
Completed 200 OK in 6ms (Views: 5.2ms | ActiveRecord: 0.3ms)


Started GET "/images" for 127.0.0.1 at 2017-06-05 12:22:27 -0400
Processing by ImagesController#index as */*
  [1m[36mImage Load (0.2ms)[0m  [1m[34mSELECT "images".* FROM "images"[0m
[active_model_serializers]   [1m[36mTag Load (0.2ms)[0m  [1m[34mSELECT "tags".* FROM "tags" INNER JOIN "image_tags" ON "tags"."id" = "image_tags"."tag_id" WHERE "image_tags"."image_id" = ?[0m  [["image_id", 1]]
[active_model_serializers] Rendered ActiveModel::Serializer::CollectionSerializer with ActiveModelSerializers::Adapter::Attributes (5.11ms)
Completed 200 OK in 7ms (Views: 6.1ms | ActiveRecord: 0.4ms)


Started GET "/images" for 127.0.0.1 at 2017-06-05 12:36:33 -0400
Processing by ImagesController#index as */*
  [1m[36mImage Load (0.5ms)[0m  [1m[34mSELECT "images".* FROM "images"[0m
[active_model_serializers]   [1m[36mTag Load (0.4ms)[0m  [1m[34mSELECT "tags".* FROM "tags" INNER JOIN "image_tags" ON "tags"."id" = "image_tags"."tag_id" WHERE "image_tags"."image_id" = ?[0m  [["image_id", 1]]
[active_model_serializers] Rendered ActiveModel::Serializer::CollectionSerializer with ActiveModelSerializers::Adapter::Attributes (5.14ms)
Completed 200 OK in 7ms (Views: 6.1ms | ActiveRecord: 0.9ms)


Started GET "/images" for 127.0.0.1 at 2017-06-05 12:37:18 -0400
Processing by ImagesController#index as */*
  [1m[36mImage Load (0.3ms)[0m  [1m[34mSELECT "images".* FROM "images"[0m
[active_model_serializers]   [1m[36mTag Load (0.2ms)[0m  [1m[34mSELECT "tags".* FROM "tags" INNER JOIN "image_tags" ON "tags"."id" = "image_tags"."tag_id" WHERE "image_tags"."image_id" = ?[0m  [["image_id", 1]]
[active_model_serializers] Rendered ActiveModel::Serializer::CollectionSerializer with ActiveModelSerializers::Adapter::Attributes (4.82ms)
Completed 200 OK in 7ms (Views: 6.5ms | ActiveRecord: 0.5ms)


Started GET "/images" for 127.0.0.1 at 2017-06-05 12:37:59 -0400
Processing by ImagesController#index as */*
  [1m[36mImage Load (0.3ms)[0m  [1m[34mSELECT "images".* FROM "images"[0m
[active_model_serializers]   [1m[36mTag Load (0.2ms)[0m  [1m[34mSELECT "tags".* FROM "tags" INNER JOIN "image_tags" ON "tags"."id" = "image_tags"."tag_id" WHERE "image_tags"."image_id" = ?[0m  [["image_id", 1]]
[active_model_serializers] Rendered ActiveModel::Serializer::CollectionSerializer with ActiveModelSerializers::Adapter::Attributes (5.1ms)
Completed 200 OK in 7ms (Views: 6.4ms | ActiveRecord: 0.5ms)


Started GET "/images" for 127.0.0.1 at 2017-06-05 12:38:08 -0400
Processing by ImagesController#index as */*
  [1m[36mImage Load (0.3ms)[0m  [1m[34mSELECT "images".* FROM "images"[0m
[active_model_serializers]   [1m[36mTag Load (0.2ms)[0m  [1m[34mSELECT "tags".* FROM "tags" INNER JOIN "image_tags" ON "tags"."id" = "image_tags"."tag_id" WHERE "image_tags"."image_id" = ?[0m  [["image_id", 1]]
[active_model_serializers] Rendered ActiveModel::Serializer::CollectionSerializer with ActiveModelSerializers::Adapter::Attributes (5.63ms)
Completed 200 OK in 8ms (Views: 7.0ms | ActiveRecord: 0.5ms)


Started GET "/images" for 127.0.0.1 at 2017-06-05 12:39:40 -0400
Processing by ImagesController#index as */*
  [1m[36mImage Load (0.3ms)[0m  [1m[34mSELECT "images".* FROM "images"[0m
[active_model_serializers]   [1m[36mTag Load (0.2ms)[0m  [1m[34mSELECT "tags".* FROM "tags" INNER JOIN "image_tags" ON "tags"."id" = "image_tags"."tag_id" WHERE "image_tags"."image_id" = ?[0m  [["image_id", 1]]
[active_model_serializers] Rendered ActiveModel::Serializer::CollectionSerializer with ActiveModelSerializers::Adapter::Attributes (5.01ms)
Completed 200 OK in 7ms (Views: 6.5ms | ActiveRecord: 0.4ms)


Started GET "/images" for 127.0.0.1 at 2017-06-05 12:40:02 -0400
Processing by ImagesController#index as */*
  [1m[36mImage Load (0.3ms)[0m  [1m[34mSELECT "images".* FROM "images"[0m
[active_model_serializers]   [1m[36mTag Load (0.2ms)[0m  [1m[34mSELECT "tags".* FROM "tags" INNER JOIN "image_tags" ON "tags"."id" = "image_tags"."tag_id" WHERE "image_tags"."image_id" = ?[0m  [["image_id", 1]]
[active_model_serializers] Rendered ActiveModel::Serializer::CollectionSerializer with ActiveModelSerializers::Adapter::Attributes (23.8ms)
Completed 200 OK in 26ms (Views: 25.2ms | ActiveRecord: 0.4ms)


Started GET "/images" for 127.0.0.1 at 2017-06-05 12:40:43 -0400
Processing by ImagesController#index as */*
  [1m[36mImage Load (0.2ms)[0m  [1m[34mSELECT "images".* FROM "images"[0m
[active_model_serializers]   [1m[36mTag Load (0.1ms)[0m  [1m[34mSELECT "tags".* FROM "tags" INNER JOIN "image_tags" ON "tags"."id" = "image_tags"."tag_id" WHERE "image_tags"."image_id" = ?[0m  [["image_id", 1]]
[active_model_serializers] Rendered ActiveModel::Serializer::CollectionSerializer with ActiveModelSerializers::Adapter::Attributes (3.33ms)
Completed 200 OK in 5ms (Views: 4.5ms | ActiveRecord: 0.3ms)


Started GET "/images" for 127.0.0.1 at 2017-06-05 12:41:19 -0400
Processing by ImagesController#index as */*
  [1m[36mImage Load (0.2ms)[0m  [1m[34mSELECT "images".* FROM "images"[0m
[active_model_serializers]   [1m[36mTag Load (0.1ms)[0m  [1m[34mSELECT "tags".* FROM "tags" INNER JOIN "image_tags" ON "tags"."id" = "image_tags"."tag_id" WHERE "image_tags"."image_id" = ?[0m  [["image_id", 1]]
[active_model_serializers] Rendered ActiveModel::Serializer::CollectionSerializer with ActiveModelSerializers::Adapter::Attributes (2.87ms)
Completed 200 OK in 5ms (Views: 4.0ms | ActiveRecord: 0.3ms)


Started GET "/images" for 127.0.0.1 at 2017-06-05 12:44:24 -0400
Processing by ImagesController#index as */*
  [1m[36mImage Load (0.3ms)[0m  [1m[34mSELECT "images".* FROM "images"[0m
[active_model_serializers]   [1m[36mTag Load (0.2ms)[0m  [1m[34mSELECT "tags".* FROM "tags" INNER JOIN "image_tags" ON "tags"."id" = "image_tags"."tag_id" WHERE "image_tags"."image_id" = ?[0m  [["image_id", 1]]
[active_model_serializers] Rendered ActiveModel::Serializer::CollectionSerializer with ActiveModelSerializers::Adapter::Attributes (4.33ms)
Completed 200 OK in 7ms (Views: 5.8ms | ActiveRecord: 0.5ms)


Started GET "/images" for 127.0.0.1 at 2017-06-05 12:45:23 -0400
Processing by ImagesController#index as */*
  [1m[36mImage Load (0.3ms)[0m  [1m[34mSELECT "images".* FROM "images"[0m
[active_model_serializers]   [1m[36mTag Load (0.2ms)[0m  [1m[34mSELECT "tags".* FROM "tags" INNER JOIN "image_tags" ON "tags"."id" = "image_tags"."tag_id" WHERE "image_tags"."image_id" = ?[0m  [["image_id", 1]]
[active_model_serializers] Rendered ActiveModel::Serializer::CollectionSerializer with ActiveModelSerializers::Adapter::Attributes (4.72ms)
Completed 200 OK in 7ms (Views: 6.2ms | ActiveRecord: 0.5ms)


Started GET "/images" for 127.0.0.1 at 2017-06-05 12:45:28 -0400
Processing by ImagesController#index as */*
  [1m[36mImage Load (0.3ms)[0m  [1m[34mSELECT "images".* FROM "images"[0m
[active_model_serializers]   [1m[36mTag Load (0.2ms)[0m  [1m[34mSELECT "tags".* FROM "tags" INNER JOIN "image_tags" ON "tags"."id" = "image_tags"."tag_id" WHERE "image_tags"."image_id" = ?[0m  [["image_id", 1]]
[active_model_serializers] Rendered ActiveModel::Serializer::CollectionSerializer with ActiveModelSerializers::Adapter::Attributes (4.49ms)
Completed 200 OK in 7ms (Views: 6.0ms | ActiveRecord: 0.4ms)


Started GET "/images" for 127.0.0.1 at 2017-06-05 12:45:32 -0400
Processing by ImagesController#index as */*
  [1m[36mImage Load (0.2ms)[0m  [1m[34mSELECT "images".* FROM "images"[0m
[active_model_serializers]   [1m[36mTag Load (0.2ms)[0m  [1m[34mSELECT "tags".* FROM "tags" INNER JOIN "image_tags" ON "tags"."id" = "image_tags"."tag_id" WHERE "image_tags"."image_id" = ?[0m  [["image_id", 1]]
[active_model_serializers] Rendered ActiveModel::Serializer::CollectionSerializer with ActiveModelSerializers::Adapter::Attributes (3.74ms)
Completed 200 OK in 6ms (Views: 5.0ms | ActiveRecord: 0.4ms)


Started GET "/images" for 127.0.0.1 at 2017-06-05 12:48:00 -0400
Processing by ImagesController#index as */*
  [1m[36mImage Load (0.3ms)[0m  [1m[34mSELECT "images".* FROM "images"[0m
[active_model_serializers]   [1m[36mTag Load (0.2ms)[0m  [1m[34mSELECT "tags".* FROM "tags" INNER JOIN "image_tags" ON "tags"."id" = "image_tags"."tag_id" WHERE "image_tags"."image_id" = ?[0m  [["image_id", 1]]
[active_model_serializers] Rendered ActiveModel::Serializer::CollectionSerializer with ActiveModelSerializers::Adapter::Attributes (4.44ms)
Completed 200 OK in 7ms (Views: 5.9ms | ActiveRecord: 0.4ms)


